[2011-05-12 11:01:47] request.ERROR: No route found for "GET /images/wdbg.png" 
[2011-05-12 11:01:47] request.ERROR: Symfony\Component\HttpKernel\Exception\NotFoundHttpException: No route found for "GET /images/wdbg.png" (uncaught exception) 
[2011-05-12 11:01:47] request.INFO: Using controller "Symfony\Bundle\FrameworkBundle\Controller\ExceptionController::showAction" 
[2011-05-12 11:01:59] request.ERROR: No route found for "GET /images/wdbg.png" 
[2011-05-12 11:01:59] request.ERROR: Symfony\Component\HttpKernel\Exception\NotFoundHttpException: No route found for "GET /images/wdbg.png" (uncaught exception) 
[2011-05-12 11:01:59] request.INFO: Using controller "Symfony\Bundle\FrameworkBundle\Controller\ExceptionController::showAction" 
[2011-05-12 11:02:11] request.ERROR: No route found for "GET /images/wdbg.png" 
[2011-05-12 11:02:11] request.ERROR: Symfony\Component\HttpKernel\Exception\NotFoundHttpException: No route found for "GET /images/wdbg.png" (uncaught exception) 
[2011-05-12 11:02:11] request.INFO: Using controller "Symfony\Bundle\FrameworkBundle\Controller\ExceptionController::showAction" 
[2011-05-12 11:02:31] request.ERROR: No route found for "GET /images/whatdigslogo.png" 
[2011-05-12 11:02:31] request.ERROR: Symfony\Component\HttpKernel\Exception\NotFoundHttpException: No route found for "GET /images/whatdigslogo.png" (uncaught exception) 
[2011-05-12 11:02:31] request.INFO: Using controller "Symfony\Bundle\FrameworkBundle\Controller\ExceptionController::showAction" 
[2011-05-12 11:02:32] request.ERROR: No route found for "GET /images/whatdigslogo.png" 
[2011-05-12 11:02:32] request.ERROR: Symfony\Component\HttpKernel\Exception\NotFoundHttpException: No route found for "GET /images/whatdigslogo.png" (uncaught exception) 
[2011-05-12 11:02:32] request.INFO: Using controller "Symfony\Bundle\FrameworkBundle\Controller\ExceptionController::showAction" 
[2011-05-12 11:02:33] request.ERROR: No route found for "GET /images/whatdigslogo.png" 
[2011-05-12 11:02:33] request.ERROR: Symfony\Component\HttpKernel\Exception\NotFoundHttpException: No route found for "GET /images/whatdigslogo.png" (uncaught exception) 
[2011-05-12 11:02:33] request.INFO: Using controller "Symfony\Bundle\FrameworkBundle\Controller\ExceptionController::showAction" 
[2011-05-13 00:37:28] request.ERROR: No route found for "GET /images/.png" 
[2011-05-13 00:37:28] request.ERROR: Symfony\Component\HttpKernel\Exception\NotFoundHttpException: No route found for "GET /images/.png" (uncaught exception) 
[2011-05-13 00:37:28] request.INFO: Using controller "Symfony\Bundle\FrameworkBundle\Controller\ExceptionController::showAction" 
[2011-05-13 00:42:57] request.ERROR: No route found for "GET /images/whatDigsLogo.png" 
[2011-05-13 00:42:57] request.ERROR: Symfony\Component\HttpKernel\Exception\NotFoundHttpException: No route found for "GET /images/whatDigsLogo.png" (uncaught exception) 
[2011-05-13 00:42:57] request.INFO: Using controller "Symfony\Bundle\FrameworkBundle\Controller\ExceptionController::showAction" 
[2011-05-13 00:43:08] request.ERROR: No route found for "GET /images/whatDigsLogo.png" 
[2011-05-13 00:43:08] request.ERROR: Symfony\Component\HttpKernel\Exception\NotFoundHttpException: No route found for "GET /images/whatDigsLogo.png" (uncaught exception) 
[2011-05-13 00:43:08] request.INFO: Using controller "Symfony\Bundle\FrameworkBundle\Controller\ExceptionController::showAction" 
[2011-05-14 21:29:19] request.ERROR: No route found for "GET /about" 
[2011-05-14 21:29:19] request.ERROR: Symfony\Component\HttpKernel\Exception\NotFoundHttpException: No route found for "GET /about" (uncaught exception) 
[2011-05-14 21:29:19] request.INFO: Using controller "Symfony\Bundle\FrameworkBundle\Controller\ExceptionController::showAction" 
[2011-05-14 21:29:23] request.ERROR: No route found for "GET /about" 
[2011-05-14 21:29:23] request.ERROR: Symfony\Component\HttpKernel\Exception\NotFoundHttpException: No route found for "GET /about" (uncaught exception) 
[2011-05-14 21:29:23] request.INFO: Using controller "Symfony\Bundle\FrameworkBundle\Controller\ExceptionController::showAction" 
[2011-05-15 06:59:35] request.ERROR: No route found for "GET /login" 
[2011-05-15 06:59:35] request.ERROR: Symfony\Component\HttpKernel\Exception\NotFoundHttpException: No route found for "GET /login" (uncaught exception) 
[2011-05-15 06:59:35] request.INFO: Using controller "Symfony\Bundle\FrameworkBundle\Controller\ExceptionController::showAction" 
[2011-05-15 06:59:55] request.ERROR: No route found for "GET /login" 
[2011-05-15 06:59:55] request.ERROR: Symfony\Component\HttpKernel\Exception\NotFoundHttpException: No route found for "GET /login" (uncaught exception) 
[2011-05-15 06:59:55] request.INFO: Using controller "Symfony\Bundle\FrameworkBundle\Controller\ExceptionController::showAction" 
[2011-05-15 06:59:56] request.ERROR: No route found for "GET /login" 
[2011-05-15 06:59:56] request.ERROR: Symfony\Component\HttpKernel\Exception\NotFoundHttpException: No route found for "GET /login" (uncaught exception) 
[2011-05-15 06:59:56] request.INFO: Using controller "Symfony\Bundle\FrameworkBundle\Controller\ExceptionController::showAction" 
[2011-05-15 18:46:57] request.ERROR: No route found for "GET /web/config.php" 
[2011-05-15 18:46:57] request.ERROR: Symfony\Component\HttpKernel\Exception\NotFoundHttpException: No route found for "GET /web/config.php" (uncaught exception) 
[2011-05-15 18:46:57] request.INFO: Using controller "Symfony\Bundle\FrameworkBundle\Controller\ExceptionController::showAction" 
[2011-05-15 18:47:09] request.ERROR: No route found for "GET /web/config.php" 
[2011-05-15 18:47:09] request.ERROR: Symfony\Component\HttpKernel\Exception\NotFoundHttpException: No route found for "GET /web/config.php" (uncaught exception) 
[2011-05-15 18:47:09] request.INFO: Using controller "Symfony\Bundle\FrameworkBundle\Controller\ExceptionController::showAction" 
[2011-05-15 18:47:17] request.ERROR: No route found for "GET /Symfony/web/config.php" 
[2011-05-15 18:47:17] request.ERROR: Symfony\Component\HttpKernel\Exception\NotFoundHttpException: No route found for "GET /Symfony/web/config.php" (uncaught exception) 
[2011-05-15 18:47:17] request.INFO: Using controller "Symfony\Bundle\FrameworkBundle\Controller\ExceptionController::showAction" 
[2011-05-15 18:48:48] request.ERROR: No route found for "GET /check.php" 
[2011-05-15 18:48:48] request.ERROR: Symfony\Component\HttpKernel\Exception\NotFoundHttpException: No route found for "GET /check.php" (uncaught exception) 
[2011-05-15 18:48:48] request.INFO: Using controller "Symfony\Bundle\FrameworkBundle\Controller\ExceptionController::showAction" 
[2011-05-15 18:49:00] request.ERROR: No route found for "GET /check.php" 
[2011-05-15 18:49:00] request.ERROR: Symfony\Component\HttpKernel\Exception\NotFoundHttpException: No route found for "GET /check.php" (uncaught exception) 
[2011-05-15 18:49:00] request.INFO: Using controller "Symfony\Bundle\FrameworkBundle\Controller\ExceptionController::showAction" 
[2011-05-15 18:49:42] request.ERROR: No route found for "GET /check.php" 
[2011-05-15 18:49:42] request.ERROR: Symfony\Component\HttpKernel\Exception\NotFoundHttpException: No route found for "GET /check.php" (uncaught exception) 
[2011-05-15 18:49:42] request.INFO: Using controller "Symfony\Bundle\FrameworkBundle\Controller\ExceptionController::showAction" 
[2011-05-15 18:49:42] request.ERROR: No route found for "GET /Symfony/web/config.php" 
[2011-05-15 18:49:42] request.ERROR: Symfony\Component\HttpKernel\Exception\NotFoundHttpException: No route found for "GET /Symfony/web/config.php" (uncaught exception) 
[2011-05-15 18:49:42] request.INFO: Using controller "Symfony\Bundle\FrameworkBundle\Controller\ExceptionController::showAction" 
[2011-05-15 18:49:43] request.ERROR: No route found for "GET /web/config.php" 
[2011-05-15 18:49:43] request.ERROR: Symfony\Component\HttpKernel\Exception\NotFoundHttpException: No route found for "GET /web/config.php" (uncaught exception) 
[2011-05-15 18:49:43] request.INFO: Using controller "Symfony\Bundle\FrameworkBundle\Controller\ExceptionController::showAction" 
[2011-05-15 19:27:54] request.ERROR: No route found for "GET /login" 
[2011-05-15 19:27:54] request.ERROR: Symfony\Component\HttpKernel\Exception\NotFoundHttpException: No route found for "GET /login" (uncaught exception) 
[2011-05-15 19:27:54] request.INFO: Using controller "Symfony\Bundle\FrameworkBundle\Controller\ExceptionController::showAction" 
[2011-05-15 20:37:51] request.ERROR: No route found for "GET /login" 
[2011-05-15 20:37:51] request.ERROR: Symfony\Component\HttpKernel\Exception\NotFoundHttpException: No route found for "GET /login" (uncaught exception) 
[2011-05-15 20:37:51] request.INFO: Using controller "Symfony\Bundle\FrameworkBundle\Controller\ExceptionController::showAction" 
